\BOOKMARK [1][-]{section.1}{Introduzione}{}% 1
\BOOKMARK [2][-]{subsection.1.1}{scjdissd}{section.1}% 2
\BOOKMARK [2][-]{subsection.1.2}{ i di dh}{section.1}% 3
\BOOKMARK [2][-]{subsection.1.3}{dihdshdsh}{section.1}% 4
\BOOKMARK [3][-]{subsubsection.1.3.1}{Nor chiu iuhhiu}{subsection.1.3}% 5
\BOOKMARK [3][-]{subsubsection.1.3.2}{dcdvd}{subsection.1.3}% 6
\BOOKMARK [1][-]{section.2}{Analisi dei requisiti}{}% 7
\BOOKMARK [2][-]{subsection.2.1}{scjdissd}{section.2}% 8
\BOOKMARK [2][-]{subsection.2.2}{ i di dh}{section.2}% 9
\BOOKMARK [2][-]{subsection.2.3}{dihdshdsh}{section.2}% 10
\BOOKMARK [3][-]{subsubsection.2.3.1}{Nor chiu iuhhiu}{subsection.2.3}% 11
\BOOKMARK [3][-]{subsubsection.2.3.2}{dcdvd}{subsection.2.3}% 12
\BOOKMARK [1][-]{section.3}{Progettazione della base informativa}{}% 13
\BOOKMARK [2][-]{subsection.3.1}{scjdissd}{section.3}% 14
\BOOKMARK [2][-]{subsection.3.2}{ i di dh}{section.3}% 15
\BOOKMARK [2][-]{subsection.3.3}{dihdshdsh}{section.3}% 16
\BOOKMARK [3][-]{subsubsection.3.3.1}{Nor chiu iuhhiu}{subsection.3.3}% 17
\BOOKMARK [3][-]{subsubsection.3.3.2}{dcdvd}{subsection.3.3}% 18
\BOOKMARK [1][-]{section.4}{Struttura}{}% 19
\BOOKMARK [2][-]{subsection.4.1}{scjdissd}{section.4}% 20
\BOOKMARK [3][-]{subsubsection.4.1.1}{Nor chiu iuhhiu}{subsection.4.1}% 21
\BOOKMARK [1][-]{section.5}{Presentazione}{}% 22
\BOOKMARK [2][-]{subsection.5.1}{scjdissd}{section.5}% 23
\BOOKMARK [2][-]{subsection.5.2}{dihdshdsh}{section.5}% 24
\BOOKMARK [3][-]{subsubsection.5.2.1}{Nor chiu iuhhiu}{subsection.5.2}% 25
\BOOKMARK [1][-]{section.6}{Comportamento}{}% 26
\BOOKMARK [2][-]{subsection.6.1}{PHP}{section.6}% 27
\BOOKMARK [3][-]{subsubsection.6.1.1}{Nor chiu iuhhiu}{subsection.6.1}% 28
\BOOKMARK [3][-]{subsubsection.6.1.2}{dcdvd}{subsection.6.1}% 29
\BOOKMARK [2][-]{subsection.6.2}{Javascript}{section.6}% 30
\BOOKMARK [3][-]{subsubsection.6.2.1}{Nor chiu iuhhiu}{subsection.6.2}% 31
\BOOKMARK [3][-]{subsubsection.6.2.2}{dcdvd}{subsection.6.2}% 32
\BOOKMARK [1][-]{section.7}{Accessibilit\340}{}% 33
\BOOKMARK [2][-]{subsection.7.1}{scjdissd}{section.7}% 34
\BOOKMARK [3][-]{subsubsection.7.1.1}{Nor chiu iuhhiu}{subsection.7.1}% 35
\BOOKMARK [1][-]{section.8}{Divisione del lavoro}{}% 36
